<?xml version="1.0" encoding="UTF-8"?>
<testsuite xmlns:xsi="http://www.w3.org/2001/XMLSchema-instance" xsi:noNamespaceSchemaLocation="https://maven.apache.org/surefire/maven-surefire-plugin/xsd/surefire-test-report-3.0.xsd" version="3.0" name="training.group6.Services.BankServicesTest" time="0.006" tests="2" errors="0" skipped="0" failures="0">
  <properties>
[...]
</properties>
  <testcase name="testDeposit" classname="training.group6.Services.BankServicesTest" time="0.004">
    <system-out><![CDATA[Deposited $100.0 successfully.
]]></system-out>
  </testcase>
  <testcase name="testWithdraw" classname="training.group6.Services.BankServicesTest" time="0.001">
    <system-out><![CDATA[Deposited $500.0 successfully.
Withdrawn $100.0 successfully.
]]></system-out>
  </testcase>
</testsuite>